<?xml version="1.0" encoding="UTF-8"?>
<!-- Generated by org.testng.reporters.JUnitReportReporter -->
<testsuite hostname="DESKTOP-G9B0GII" failures="0" tests="2" name="org.tditsolutions.qa.tests.HomePageTest" time="6.766" errors="0" timestamp="2022-11-20T10:40:16 IST" skipped="0">
  <testcase classname="org.tditsolutions.qa.tests.HomePageTest" name="Verify_Link_Text" time="3.502"/>
  <testcase classname="org.tditsolutions.qa.tests.HomePageTest" name="verify_Sidebar_Headers" time="3.264"/>
</testsuite> <!-- org.tditsolutions.qa.tests.HomePageTest -->
